19:09:19 **** Incremental Build of configuration Debug for project P2_ ****
make -j12 all 
arm-none-eabi-gcc "../Core/Src/main.c" -mcpu=cortex-m4 -std=gnu11 -g3 -DDEBUG -DUSE_HAL_DRIVER -DSTM32L4A6xx -c -I../Core/Inc -I../Drivers/STM32L4xx_HAL_Driver/Inc -I../Drivers/STM32L4xx_HAL_Driver/Inc/Legacy -I../Drivers/CMSIS/Device/ST/STM32L4xx/Include -I../Drivers/CMSIS/Include -O0 -ffunction-sections -fdata-sections -Wall -fstack-usage -fcyclomatic-complexity -MMD -MP -MF"Core/Src/main.d" -MT"Core/Src/main.o" --specs=nano.specs -mfpu=fpv4-sp-d16 -mfloat-abi=hard -mthumb -o "Core/Src/main.o"
arm-none-eabi-gcc -o "P2_.elf" @"objects.list"   -mcpu=cortex-m4 -T"C:\Users\james\STM32CubeIDE\workspace_1.12.0\P2_\STM32L4A6ZGTX_FLASH.ld" --specs=nosys.specs -Wl,-Map="P2_.map" -Wl,--gc-sections -static --specs=nano.specs -mfpu=fpv4-sp-d16 -mfloat-abi=hard -mthumb -Wl,--start-group -lc -lm -Wl,--end-group
c:\st\stm32cubeide_1.12.0\stm32cubeide\plugins\com.st.stm32cube.ide.mcu.externaltools.gnu-tools-for-stm32.10.3-2021.10.win32_1.0.200.202301161003\tools\arm-none-eabi\bin\ld.exe: ./Core/Src/wavegen.o:C:/Users/james/STM32CubeIDE/workspace_1.12.0/P2_/Debug/../Core/Inc/wavegen.h:19: multiple definition of `SINE_LUT'; ./Core/Src/main.o:C:/Users/james/STM32CubeIDE/workspace_1.12.0/P2_/Debug/../Core/Inc/wavegen.h:19: first defined here
c:\st\stm32cubeide_1.12.0\stm32cubeide\plugins\com.st.stm32cube.ide.mcu.externaltools.gnu-tools-for-stm32.10.3-2021.10.win32_1.0.200.202301161003\tools\arm-none-eabi\bin\ld.exe: ./Core/Src/wavegen.o:C:/Users/james/STM32CubeIDE/workspace_1.12.0/P2_/Debug/../Core/Inc/wavegen.h:20: multiple definition of `POS_RAMP_LUT'; ./Core/Src/main.o:C:/Users/james/STM32CubeIDE/workspace_1.12.0/P2_/Debug/../Core/Inc/wavegen.h:20: first defined here
c:\st\stm32cubeide_1.12.0\stm32cubeide\plugins\com.st.stm32cube.ide.mcu.externaltools.gnu-tools-for-stm32.10.3-2021.10.win32_1.0.200.202301161003\tools\arm-none-eabi\bin\ld.exe: ./Core/Src/wavegen.o:C:/Users/james/STM32CubeIDE/workspace_1.12.0/P2_/Debug/../Core/Inc/wavegen.h:21: multiple definition of `NEG_RAMP_LUT'; ./Core/Src/main.o:C:/Users/james/STM32CubeIDE/workspace_1.12.0/P2_/Debug/../Core/Inc/wavegen.h:21: first defined here
collect2.exe: error: ld returned 1 exit status
make: *** [makefile:64: P2_.elf] Error 1
"make -j12 all" terminated with exit code 2. Build might be incomplete.

19:09:20 Build Failed. 4 errors, 0 warnings. (took 539ms)

